# JRE version: OpenJDK Runtime Environment Corretto-24.0.1.9.1 (24.0.1+9) (build 24.0.1+9-FR)
# Java VM: OpenJDK 64-Bit Server VM Corretto-24.0.1.9.1 (24.0.1+9-FR, mixed mode, sharing, tiered, compressed oops, compressed class ptrs, g1 gc, windows-amd64)
GC Precious Log:
 CardTable entry size: 512
 Card Set container configuration: InlinePtr #cards 5 size 8 Array Of Cards #cards 10 size 36 Howl #buckets 4 coarsen threshold 1843 Howl Bitmap #cards 512 size 80 coarsen threshold 460 Card regions per heap region 1 cards per card region 2048
 CPUs: 4 total, 4 available
 Memory: 16284M
 Large Page Support: Disabled
 NUMA Support: Disabled
 Compressed Oops: Enabled (32-bit)
 Heap Region Size: 1M
 Heap Min Capacity: 256M
 Heap Initial Capacity: 256M
 Heap Max Capacity: 512M
 Pre-touch: Disabled
 Parallel Workers: 4
 Concurrent Workers: 1
 Concurrent Refinement Workers: 4
 Periodic GC: Disabled
Heap:
 garbage-first heap   total reserved 524288K, committed 262144K, used 95739K [0x00000000e0000000, 0x0000000100000000)
  region size 1024K, 18 young (18432K), 9 survivors (9216K)
 Metaspace       used 72615K, committed 77376K, reserved 458752K
  class space    used 8190K, committed 9920K, reserved 327680K
GC Heap History (20 events):
Event: 12.289 GC heap before
{Heap before GC invocations=4 (full 0):
 garbage-first heap   total reserved 524288K, committed 262144K, used 144831K [0x00000000e0000000, 0x0000000100000000)
  region size 1024K, 118 young (120832K), 4 survivors (4096K)
 Metaspace       used 35024K, committed 36096K, reserved 393216K
  class space    used 3785K, committed 4288K, reserved 327680K
}
Event: 12.316 GC heap after
{Heap after GC invocations=5 (full 0):
 garbage-first heap   total reserved 524288K, committed 262144K, used 33688K [0x00000000e0000000, 0x0000000100000000)
  region size 1024K, 13 young (13312K), 13 survivors (13312K)
 Metaspace       used 35024K, committed 36096K, reserved 393216K
  class space    used 3785K, committed 4288K, reserved 327680K
}
Event: 12.432 GC heap before
{Heap before GC invocations=5 (full 0):
 garbage-first heap   total reserved 524288K, committed 262144K, used 37784K [0x00000000e0000000, 0x0000000100000000)
  region size 1024K, 18 young (18432K), 13 survivors (13312K)
 Metaspace       used 35334K, committed 36416K, reserved 393216K
  class space    used 3833K, committed 4352K, reserved 327680K
}
Event: 12.458 GC heap after
{Heap after GC invocations=6 (full 0):
 garbage-first heap   total reserved 524288K, committed 262144K, used 33713K [0x00000000e0000000, 0x0000000100000000)
  region size 1024K, 9 young (9216K), 9 survivors (9216K)
 Metaspace       used 35334K, committed 36416K, reserved 393216K
  class space    used 3833K, committed 4352K, reserved 327680K
}
Event: 12.522 GC heap before
{Heap before GC invocations=6 (full 0):
 garbage-first heap   total reserved 524288K, committed 262144K, used 34737K [0x00000000e0000000, 0x0000000100000000)
  region size 1024K, 11 young (11264K), 9 survivors (9216K)
 Metaspace       used 35622K, committed 36736K, reserved 393216K
  class space    used 3866K, committed 4416K, reserved 327680K
}
Event: 12.538 GC heap after
{Heap after GC invocations=7 (full 0):
 garbage-first heap   total reserved 524288K, committed 262144K, used 33742K [0x00000000e0000000, 0x0000000100000000)
  region size 1024K, 9 young (9216K), 9 survivors (9216K)
 Metaspace       used 35622K, committed 36736K, reserved 393216K
  class space    used 3866K, committed 4416K, reserved 327680K
}
Event: 16.977 GC heap before
{Heap before GC invocations=8 (full 0):
 garbage-first heap   total reserved 524288K, committed 262144K, used 181198K [0x00000000e0000000, 0x0000000100000000)
  region size 1024K, 153 young (156672K), 9 survivors (9216K)
 Metaspace       used 47087K, committed 48704K, reserved 393216K
  class space    used 5594K, committed 6336K, reserved 327680K
}
Event: 17.016 GC heap after
{Heap after GC invocations=9 (full 0):
 garbage-first heap   total reserved 524288K, committed 262144K, used 41934K [0x00000000e0000000, 0x0000000100000000)
  region size 1024K, 17 young (17408K), 17 survivors (17408K)
 Metaspace       used 47087K, committed 48704K, reserved 393216K
  class space    used 5594K, committed 6336K, reserved 327680K
}
Event: 23.530 GC heap before
{Heap before GC invocations=9 (full 0):
 garbage-first heap   total reserved 524288K, committed 262144K, used 166862K [0x00000000e0000000, 0x0000000100000000)
  region size 1024K, 139 young (142336K), 17 survivors (17408K)
 Metaspace       used 59616K, committed 61376K, reserved 393216K
  class space    used 6973K, committed 7808K, reserved 327680K
}
Event: 23.588 GC heap after
{Heap after GC invocations=10 (full 0):
 garbage-first heap   total reserved 524288K, committed 262144K, used 48546K [0x00000000e0000000, 0x0000000100000000)
  region size 1024K, 16 young (16384K), 16 survivors (16384K)
 Metaspace       used 59616K, committed 61376K, reserved 393216K
  class space    used 6973K, committed 7808K, reserved 327680K
}
Event: 23.621 GC heap before
{Heap before GC invocations=10 (full 0):
 garbage-first heap   total reserved 524288K, committed 262144K, used 48546K [0x00000000e0000000, 0x0000000100000000)
  region size 1024K, 17 young (17408K), 16 survivors (16384K)
 Metaspace       used 59889K, committed 61696K, reserved 393216K
  class space    used 6990K, committed 7872K, reserved 327680K
}
Event: 23.651 GC heap after
{Heap after GC invocations=11 (full 0):
 garbage-first heap   total reserved 524288K, committed 262144K, used 48640K [0x00000000e0000000, 0x0000000100000000)
  region size 1024K, 8 young (8192K), 8 survivors (8192K)
 Metaspace       used 59889K, committed 61696K, reserved 393216K
  class space    used 6990K, committed 7872K, reserved 327680K
}
Event: 32.327 GC heap before
{Heap before GC invocations=12 (full 0):
 garbage-first heap   total reserved 524288K, committed 262144K, used 197120K [0x00000000e0000000, 0x0000000100000000)
  region size 1024K, 153 young (156672K), 8 survivors (8192K)
 Metaspace       used 67557K, committed 69696K, reserved 393216K
  class space    used 7962K, committed 8960K, reserved 327680K
}
Event: 32.378 GC heap after
{Heap after GC invocations=13 (full 0):
 garbage-first heap   total reserved 524288K, committed 262144K, used 61791K [0x00000000e0000000, 0x0000000100000000)
  region size 1024K, 20 young (20480K), 20 survivors (20480K)
 Metaspace       used 67557K, committed 69696K, reserved 393216K
  class space    used 7962K, committed 8960K, reserved 327680K
}
Event: 36.402 GC heap before
{Heap before GC invocations=13 (full 0):
 garbage-first heap   total reserved 524288K, committed 262144K, used 197983K [0x00000000e0000000, 0x0000000100000000)
  region size 1024K, 153 young (156672K), 20 survivors (20480K)
 Metaspace       used 69530K, committed 71808K, reserved 393216K
  class space    used 8094K, committed 9152K, reserved 327680K
}
Event: 36.473 GC heap after
{Heap after GC invocations=14 (full 0):
 garbage-first heap   total reserved 524288K, committed 262144K, used 76063K [0x00000000e0000000, 0x0000000100000000)
  region size 1024K, 14 young (14336K), 14 survivors (14336K)
 Metaspace       used 69530K, committed 71808K, reserved 393216K
  class space    used 8094K, committed 9152K, reserved 327680K
}
Event: 41.244 GC heap before
{Heap before GC invocations=14 (full 0):
 garbage-first heap   total reserved 524288K, committed 262144K, used 214303K [0x00000000e0000000, 0x0000000100000000)
  region size 1024K, 150 young (153600K), 14 survivors (14336K)
 Metaspace       used 72496K, committed 74752K, reserved 393216K
  class space    used 8543K, committed 9600K, reserved 327680K
}
Event: 41.286 GC heap after
{Heap after GC invocations=15 (full 0):
 garbage-first heap   total reserved 524288K, committed 262144K, used 82432K [0x00000000e0000000, 0x0000000100000000)
  region size 1024K, 12 young (12288K), 12 survivors (12288K)
 Metaspace       used 72496K, committed 74752K, reserved 393216K
  class space    used 8543K, committed 9600K, reserved 327680K
}
Event: 3514.953 GC heap before
{Heap before GC invocations=15 (full 0):
 garbage-first heap   total reserved 524288K, committed 262144K, used 218624K [0x00000000e0000000, 0x0000000100000000)
  region size 1024K, 146 young (149504K), 12 survivors (12288K)
 Metaspace       used 75088K, committed 77376K, reserved 458752K
  class space    used 8820K, committed 9920K, reserved 327680K
}
Event: 3515.144 GC heap after
{Heap after GC invocations=16 (full 0):
 garbage-first heap   total reserved 524288K, committed 262144K, used 88571K [0x00000000e0000000, 0x0000000100000000)
  region size 1024K, 9 young (9216K), 9 survivors (9216K)
 Metaspace       used 75088K, committed 77376K, reserved 458752K
  class space    used 8820K, committed 9920K, reserved 327680K
}

